10:44:19 INFO  : Launching XSCT server: xsct -n -sdx -interactive /home/hackathon06/workspace_doowon/temp_xsdb_launch_script.tcl
10:44:21 INFO  : Registering command handlers for SDx TCF services
10:44:21 INFO  : Registering command handlers for SDK TCF services
10:44:21 INFO  : XSCT server has started successfully.
10:44:21 INFO  : plnx-install-location is set to ''
10:44:21 INFO  : Successfully done setting XSCT server connection channel  
10:44:22 INFO  : Successfully done setting SDK workspace  
10:44:24 INFO  : Validating SDSoC License...
10:44:24 INFO  : License available for SDSoC
10:44:24 INFO  : Validating SDAccel License...
10:44:24 INFO  : License for SDAccel is unavailable
10:48:29 INFO  : Launching XSCT server: xsct -n -sdx -interactive /home/hackathon06/workspace_doowon/temp_xsdb_launch_script.tcl
10:48:30 INFO  : Registering command handlers for SDx TCF services
10:48:30 INFO  : Registering command handlers for SDK TCF services
10:48:31 INFO  : XSCT server has started successfully.
10:48:31 INFO  : plnx-install-location is set to ''
10:48:31 INFO  : Successfully done setting XSCT server connection channel  
10:48:31 INFO  : Successfully done setting SDK workspace  
10:48:31 INFO  : Validating SDSoC License...
10:48:31 INFO  : License available for SDSoC
10:48:31 INFO  : Validating SDAccel License...
10:48:31 INFO  : License for SDAccel is unavailable
10:58:08 INFO  : Launching XSCT server: xsct -n -sdx -interactive /home/hackathon06/workspace_doowon/temp_xsdb_launch_script.tcl
10:58:09 INFO  : Registering command handlers for SDx TCF services
10:58:09 INFO  : Registering command handlers for SDK TCF services
10:58:10 INFO  : Validating SDSoC License...
10:58:10 INFO  : License available for SDSoC
10:58:10 INFO  : Validating SDAccel License...
10:58:10 INFO  : License for SDAccel is unavailable
10:58:10 INFO  : XSCT server has started successfully.
10:58:10 INFO  : plnx-install-location is set to ''
10:58:10 INFO  : Successfully done setting XSCT server connection channel  
10:58:10 INFO  : Successfully done setting SDK workspace  
11:01:19 INFO  : Launching XSCT server: xsct -n -sdx -interactive /home/hackathon06/workspace_doowon/temp_xsdb_launch_script.tcl
11:01:20 INFO  : Registering command handlers for SDx TCF services
11:01:20 INFO  : Registering command handlers for SDK TCF services
11:01:21 INFO  : XSCT server has started successfully.
11:01:21 INFO  : Successfully done setting XSCT server connection channel  
11:01:21 INFO  : plnx-install-location is set to ''
11:01:21 INFO  : Successfully done setting SDK workspace  
11:01:21 INFO  : Validating SDSoC License...
11:01:21 INFO  : License available for SDSoC
11:01:21 INFO  : Validating SDAccel License...
11:01:21 INFO  : License for SDAccel is unavailable
11:25:52 INFO  : Launching the emulator on project 'test_project' for configuration 'Debug'
11:25:52 INFO  : Launching QEMU with command 'sdsoc_emulator -pid-file emulation.pid -graphic-xsim -no-reboot -forward-port 1447 1534 -runtime ocl'
11:25:55 ERROR : [QEMU Process]: qemu-system-aarch64: -redir tcp:1447::1534: The -redir option is deprecated. Please use '-netdev user,hostfwd=...' instead.

11:25:55 ERROR : [QEMU Process]: qemu-system-aarch64: -chardev socket,id=pmu-apu-rp,host=127.0.0.1,port=8186,server: info: QEMU waiting for connection on: disconnected:tcp:127.0.0.1:8186,server

11:25:56 ERROR : [QEMU Process]: qemu-system-aarch64: -chardev socket,id=pl-rp,host=127.0.0.1,port=8531,server: info: QEMU waiting for connection on: disconnected:tcp:127.0.0.1:8531,server

11:29:03 INFO  : Emulator has started.
11:31:16 WARN  : Internal browser is not available to display the HTML report. It will be opened in an external browser
11:31:19 WARN  : Internal browser is not available to display the HTML report. It will be opened in an external browser
11:31:24 WARN  : Internal browser is not available to display the HTML report. It will be opened in an external browser
12:54:56 INFO  : Stopping the emulator on project 'test_project' for configuration 'Debug'
12:54:56 INFO  : Stopping QEMU with command 'sdsoc_emulator -kill 2327'
12:54:57 INFO  : Emulator has terminated.
12:54:57 ERROR : [QEMU Process]: qemu-system-aarch64
13:04:46 INFO  : Launching XSCT server: xsct -n -sdx -interactive /home/hackathon06/tmp_doowon/team06-backprop/workspace_doowon/temp_xsdb_launch_script.tcl
13:04:46 INFO  : Registering command handlers for SDx TCF services
13:04:46 INFO  : Registering command handlers for SDK TCF services
13:04:48 INFO  : XSCT server has started successfully.
13:04:48 INFO  : Validating SDSoC License...
13:04:48 INFO  : License available for SDSoC
13:04:48 INFO  : Validating SDAccel License...
13:04:48 INFO  : License for SDAccel is unavailable
13:04:48 INFO  : Successfully done setting XSCT server connection channel  
13:04:48 INFO  : plnx-install-location is set to ''
13:04:48 INFO  : Successfully done setting SDK workspace  
13:22:21 INFO  : Registering command handlers for SDx TCF services
13:22:21 INFO  : Launching XSCT server: xsct -n -sdx -interactive /home/hackathon06/tmp_doowon/team06-backprop/workspace_doowon/temp_xsdb_launch_script.tcl
13:22:21 INFO  : Registering command handlers for SDK TCF services
13:22:23 INFO  : XSCT server has started successfully.
13:22:24 INFO  : Successfully done setting XSCT server connection channel  
13:22:24 INFO  : plnx-install-location is set to ''
13:22:24 INFO  : Successfully done setting SDK workspace  
13:22:24 INFO  : Validating SDSoC License...
13:22:24 INFO  : License available for SDSoC
13:22:24 INFO  : Validating SDAccel License...
13:22:24 INFO  : License for SDAccel is unavailable
13:24:54 INFO  : Launching the emulator on project 'test_project' for configuration 'Debug'
13:24:54 INFO  : Launching QEMU with command 'sdsoc_emulator -pid-file emulation.pid -graphic-xsim -no-reboot -forward-port 1440 1534 -runtime ocl'
13:24:57 ERROR : [QEMU Process]: qemu-system-aarch64: -redir tcp:1440::1534: The -redir option is deprecated. Please use '-netdev user,hostfwd=...' instead.

13:24:57 ERROR : [QEMU Process]: qemu-system-aarch64
13:24:57 ERROR : [QEMU Process]: : -chardev socket,id=pmu-apu-rp,host=127.0.0.1,port=8817,server: info: QEMU waiting for connection on: disconnected:tcp:127.0.0.1:8817,server

13:24:58 ERROR : [QEMU Process]: qemu-system-aarch64: 
13:24:58 ERROR : [QEMU Process]: -chardev socket,id=pl-rp,host=127.0.0.1,port=8301,server: info: QEMU waiting for connection on: disconnected:tcp:127.0.0.1:8301,server

13:28:05 INFO  : Emulator has started.
